<?xml version="1.0" encoding="UTF-8" standalone="no"?><testsuite errors="0" failures="0" name="Login Page" skipped="0" tests="6" time="53.42" timestamp="2022-12-22 06:43:50"><testcase name="Login with valid email and Password"/><testcase name="Login with valid email and invalid password"/><testcase name="Login with invalid email and invalid password"/><testcase name="Login with invalid email and valid password"/><testcase name="Login with no email"/><testcase name="Login with no password"/></testsuite>