<?xml version="1.0" encoding="UTF-8" standalone="no"?><testsuite errors="0" failures="0" name="Add User" skipped="0" tests="8" time="94.71" timestamp="2022-12-22 06:48:24"><testcase name="Add user using correct value"/><testcase name="Add user with registered value"/><testcase name="Add user using incorrect email"/><testcase name="Add user using incorect phone number"/><testcase name="Add user with no name"/><testcase name="Add user with no email"/><testcase name="Add user with no phone number"/><testcase name="Add user with no password"/></testsuite>