<?xml version="1.0" encoding="UTF-8" standalone="no"?><testsuite errors="0" failures="0" name="Add Admin" skipped="7" tests="8" time="80.98" timestamp="2022-12-22 06:45:39"><testcase name="Add admin using correct value"><skipped/></testcase><testcase name="Add user with registered value"><skipped/></testcase><testcase name="Add admin using incorrect email"><skipped/></testcase><testcase name="Add admin using incorect phone number"><skipped/></testcase><testcase name="Add admin with no name"><skipped/></testcase><testcase name="Add admin with no email"><skipped/></testcase><testcase name="Add admin with no phone number"><skipped/></testcase><testcase name="Add admin with no password"/></testsuite>